<?xml version="1.0" encoding="UTF-8"?>
<testsuite xmlns:xsi="http://www.w3.org/2001/XMLSchema-instance" xsi:noNamespaceSchemaLocation="https://maven.apache.org/surefire/maven-surefire-plugin/xsd/surefire-test-report.xsd" version="3.0.1" name="com.jami.AppTest" time="0.019" tests="1" errors="0" skipped="0" failures="0">
  <properties>
    <property name="java.specification.version" value="24"/>
    <property name="sun.jnu.encoding" value="UTF-8"/>
    <property name="java.class.path" value="/Users/benji/Documents/Development/java/TrashBot/target/test-classes:/Users/benji/Documents/Development/java/TrashBot/target/classes:/Users/benji/.m2/repository/org/junit/jupiter/junit-jupiter-api/5.11.0/junit-jupiter-api-5.11.0.jar:/Users/benji/.m2/repository/org/opentest4j/opentest4j/1.3.0/opentest4j-1.3.0.jar:/Users/benji/.m2/repository/org/junit/platform/junit-platform-commons/1.11.0/junit-platform-commons-1.11.0.jar:/Users/benji/.m2/repository/org/apiguardian/apiguardian-api/1.1.2/apiguardian-api-1.1.2.jar:/Users/benji/.m2/repository/org/junit/jupiter/junit-jupiter-params/5.11.0/junit-jupiter-params-5.11.0.jar:/Users/benji/.m2/repository/net/dv8tion/JDA/5.6.1/JDA-5.6.1.jar:/Users/benji/.m2/repository/org/slf4j/slf4j-api/2.0.17/slf4j-api-2.0.17.jar:/Users/benji/.m2/repository/com/neovisionaries/nv-websocket-client/2.14/nv-websocket-client-2.14.jar:/Users/benji/.m2/repository/com/squareup/okhttp3/okhttp/4.12.0/okhttp-4.12.0.jar:/Users/benji/.m2/repository/com/squareup/okio/okio/3.6.0/okio-3.6.0.jar:/Users/benji/.m2/repository/com/squareup/okio/okio-jvm/3.6.0/okio-jvm-3.6.0.jar:/Users/benji/.m2/repository/org/jetbrains/kotlin/kotlin-stdlib-common/1.9.10/kotlin-stdlib-common-1.9.10.jar:/Users/benji/.m2/repository/org/jetbrains/kotlin/kotlin-stdlib-jdk8/1.8.21/kotlin-stdlib-jdk8-1.8.21.jar:/Users/benji/.m2/repository/org/jetbrains/kotlin/kotlin-stdlib/1.8.21/kotlin-stdlib-1.8.21.jar:/Users/benji/.m2/repository/org/jetbrains/annotations/13.0/annotations-13.0.jar:/Users/benji/.m2/repository/org/jetbrains/kotlin/kotlin-stdlib-jdk7/1.8.21/kotlin-stdlib-jdk7-1.8.21.jar:/Users/benji/.m2/repository/club/minnced/opus-java/1.1.1/opus-java-1.1.1.jar:/Users/benji/.m2/repository/club/minnced/opus-java-api/1.1.1/opus-java-api-1.1.1.jar:/Users/benji/.m2/repository/net/java/dev/jna/jna/4.4.0/jna-4.4.0.jar:/Users/benji/.m2/repository/club/minnced/opus-java-natives/1.1.1/opus-java-natives-1.1.1.jar:/Users/benji/.m2/repository/org/apache/commons/commons-collections4/4.4/commons-collections4-4.4.jar:/Users/benji/.m2/repository/net/sf/trove4j/core/3.1.0/core-3.1.0.jar:/Users/benji/.m2/repository/com/fasterxml/jackson/core/jackson-core/2.18.3/jackson-core-2.18.3.jar:/Users/benji/.m2/repository/com/fasterxml/jackson/core/jackson-databind/2.18.3/jackson-databind-2.18.3.jar:/Users/benji/.m2/repository/com/fasterxml/jackson/core/jackson-annotations/2.18.3/jackson-annotations-2.18.3.jar:/Users/benji/.m2/repository/com/google/crypto/tink/tink/1.17.0/tink-1.17.0.jar:/Users/benji/.m2/repository/com/google/code/gson/gson/2.10.1/gson-2.10.1.jar:/Users/benji/.m2/repository/com/google/errorprone/error_prone_annotations/2.22.0/error_prone_annotations-2.22.0.jar:/Users/benji/.m2/repository/com/google/protobuf/protobuf-java/4.28.2/protobuf-java-4.28.2.jar:/Users/benji/.m2/repository/org/mongodb/mongodb-driver-sync/5.5.0/mongodb-driver-sync-5.5.0.jar:/Users/benji/.m2/repository/org/mongodb/bson/5.5.0/bson-5.5.0.jar:/Users/benji/.m2/repository/org/mongodb/mongodb-driver-core/5.5.0/mongodb-driver-core-5.5.0.jar:/Users/benji/.m2/repository/org/mongodb/bson-record-codec/5.5.0/bson-record-codec-5.5.0.jar:/Users/benji/.m2/repository/pw/chew/jda-chewtils-command/2.1/jda-chewtils-command-2.1.jar:/Users/benji/.m2/repository/com/google/code/findbugs/jsr305/3.0.2/jsr305-3.0.2.jar:/Users/benji/.m2/repository/org/json/json/20220320/json-20220320.jar:/Users/benji/.m2/repository/pw/chew/jda-chewtils-commons/2.1/jda-chewtils-commons-2.1.jar:/Users/benji/.m2/repository/pw/chew/jda-chewtils-doc/2.1/jda-chewtils-doc-2.1.jar:/Users/benji/.m2/repository/pw/chew/jda-chewtils-examples/2.1/jda-chewtils-examples-2.1.jar:/Users/benji/.m2/repository/pw/chew/jda-chewtils-menu/2.1/jda-chewtils-menu-2.1.jar:/Users/benji/.m2/repository/pw/chew/jda-chewtils-oauth2/2.1/jda-chewtils-oauth2-2.1.jar:/Users/benji/.m2/repository/org/slf4j/slf4j-simple/2.0.9/slf4j-simple-2.0.9.jar:"/>
    <property name="java.vm.vendor" value="Homebrew"/>
    <property name="sun.arch.data.model" value="64"/>
    <property name="java.vendor.url" value="https://github.com/Homebrew/homebrew-core/issues"/>
    <property name="os.name" value="Mac OS X"/>
    <property name="java.vm.specification.version" value="24"/>
    <property name="sun.java.launcher" value="SUN_STANDARD"/>
    <property name="user.country" value="GB"/>
    <property name="sun.boot.library.path" value="/opt/homebrew/Cellar/openjdk/24.0.2/libexec/openjdk.jdk/Contents/Home/lib"/>
    <property name="sun.java.command" value="/Users/benji/Documents/Development/java/TrashBot/target/surefire/surefirebooter-20250813172128629_3.jar /Users/benji/Documents/Development/java/TrashBot/target/surefire 2025-08-13T17-21-28_584-jvmRun1 surefire-20250813172128629_1tmp surefire_0-20250813172128629_2tmp"/>
    <property name="http.nonProxyHosts" value="local|*.local|169.254/16|*.169.254/16"/>
    <property name="jdk.debug" value="release"/>
    <property name="surefire.test.class.path" value="/Users/benji/Documents/Development/java/TrashBot/target/test-classes:/Users/benji/Documents/Development/java/TrashBot/target/classes:/Users/benji/.m2/repository/org/junit/jupiter/junit-jupiter-api/5.11.0/junit-jupiter-api-5.11.0.jar:/Users/benji/.m2/repository/org/opentest4j/opentest4j/1.3.0/opentest4j-1.3.0.jar:/Users/benji/.m2/repository/org/junit/platform/junit-platform-commons/1.11.0/junit-platform-commons-1.11.0.jar:/Users/benji/.m2/repository/org/apiguardian/apiguardian-api/1.1.2/apiguardian-api-1.1.2.jar:/Users/benji/.m2/repository/org/junit/jupiter/junit-jupiter-params/5.11.0/junit-jupiter-params-5.11.0.jar:/Users/benji/.m2/repository/net/dv8tion/JDA/5.6.1/JDA-5.6.1.jar:/Users/benji/.m2/repository/org/slf4j/slf4j-api/2.0.17/slf4j-api-2.0.17.jar:/Users/benji/.m2/repository/com/neovisionaries/nv-websocket-client/2.14/nv-websocket-client-2.14.jar:/Users/benji/.m2/repository/com/squareup/okhttp3/okhttp/4.12.0/okhttp-4.12.0.jar:/Users/benji/.m2/repository/com/squareup/okio/okio/3.6.0/okio-3.6.0.jar:/Users/benji/.m2/repository/com/squareup/okio/okio-jvm/3.6.0/okio-jvm-3.6.0.jar:/Users/benji/.m2/repository/org/jetbrains/kotlin/kotlin-stdlib-common/1.9.10/kotlin-stdlib-common-1.9.10.jar:/Users/benji/.m2/repository/org/jetbrains/kotlin/kotlin-stdlib-jdk8/1.8.21/kotlin-stdlib-jdk8-1.8.21.jar:/Users/benji/.m2/repository/org/jetbrains/kotlin/kotlin-stdlib/1.8.21/kotlin-stdlib-1.8.21.jar:/Users/benji/.m2/repository/org/jetbrains/annotations/13.0/annotations-13.0.jar:/Users/benji/.m2/repository/org/jetbrains/kotlin/kotlin-stdlib-jdk7/1.8.21/kotlin-stdlib-jdk7-1.8.21.jar:/Users/benji/.m2/repository/club/minnced/opus-java/1.1.1/opus-java-1.1.1.jar:/Users/benji/.m2/repository/club/minnced/opus-java-api/1.1.1/opus-java-api-1.1.1.jar:/Users/benji/.m2/repository/net/java/dev/jna/jna/4.4.0/jna-4.4.0.jar:/Users/benji/.m2/repository/club/minnced/opus-java-natives/1.1.1/opus-java-natives-1.1.1.jar:/Users/benji/.m2/repository/org/apache/commons/commons-collections4/4.4/commons-collections4-4.4.jar:/Users/benji/.m2/repository/net/sf/trove4j/core/3.1.0/core-3.1.0.jar:/Users/benji/.m2/repository/com/fasterxml/jackson/core/jackson-core/2.18.3/jackson-core-2.18.3.jar:/Users/benji/.m2/repository/com/fasterxml/jackson/core/jackson-databind/2.18.3/jackson-databind-2.18.3.jar:/Users/benji/.m2/repository/com/fasterxml/jackson/core/jackson-annotations/2.18.3/jackson-annotations-2.18.3.jar:/Users/benji/.m2/repository/com/google/crypto/tink/tink/1.17.0/tink-1.17.0.jar:/Users/benji/.m2/repository/com/google/code/gson/gson/2.10.1/gson-2.10.1.jar:/Users/benji/.m2/repository/com/google/errorprone/error_prone_annotations/2.22.0/error_prone_annotations-2.22.0.jar:/Users/benji/.m2/repository/com/google/protobuf/protobuf-java/4.28.2/protobuf-java-4.28.2.jar:/Users/benji/.m2/repository/org/mongodb/mongodb-driver-sync/5.5.0/mongodb-driver-sync-5.5.0.jar:/Users/benji/.m2/repository/org/mongodb/bson/5.5.0/bson-5.5.0.jar:/Users/benji/.m2/repository/org/mongodb/mongodb-driver-core/5.5.0/mongodb-driver-core-5.5.0.jar:/Users/benji/.m2/repository/org/mongodb/bson-record-codec/5.5.0/bson-record-codec-5.5.0.jar:/Users/benji/.m2/repository/pw/chew/jda-chewtils-command/2.1/jda-chewtils-command-2.1.jar:/Users/benji/.m2/repository/com/google/code/findbugs/jsr305/3.0.2/jsr305-3.0.2.jar:/Users/benji/.m2/repository/org/json/json/20220320/json-20220320.jar:/Users/benji/.m2/repository/pw/chew/jda-chewtils-commons/2.1/jda-chewtils-commons-2.1.jar:/Users/benji/.m2/repository/pw/chew/jda-chewtils-doc/2.1/jda-chewtils-doc-2.1.jar:/Users/benji/.m2/repository/pw/chew/jda-chewtils-examples/2.1/jda-chewtils-examples-2.1.jar:/Users/benji/.m2/repository/pw/chew/jda-chewtils-menu/2.1/jda-chewtils-menu-2.1.jar:/Users/benji/.m2/repository/pw/chew/jda-chewtils-oauth2/2.1/jda-chewtils-oauth2-2.1.jar:/Users/benji/.m2/repository/org/slf4j/slf4j-simple/2.0.9/slf4j-simple-2.0.9.jar:"/>
    <property name="sun.cpu.endian" value="little"/>
    <property name="user.home" value="/Users/benji"/>
    <property name="user.language" value="en"/>
    <property name="java.specification.vendor" value="Oracle Corporation"/>
    <property name="java.version.date" value="2025-07-15"/>
    <property name="java.home" value="/opt/homebrew/Cellar/openjdk/24.0.2/libexec/openjdk.jdk/Contents/Home"/>
    <property name="file.separator" value="/"/>
    <property name="basedir" value="/Users/benji/Documents/Development/java/TrashBot"/>
    <property name="java.vm.compressedOopsMode" value="Zero based"/>
    <property name="line.separator" value="&#10;"/>
    <property name="java.vm.specification.vendor" value="Oracle Corporation"/>
    <property name="java.specification.name" value="Java Platform API Specification"/>
    <property name="apple.awt.application.name" value="ForkedBooter"/>
    <property name="surefire.real.class.path" value="/Users/benji/Documents/Development/java/TrashBot/target/surefire/surefirebooter-20250813172128629_3.jar"/>
    <property name="sun.management.compiler" value="HotSpot 64-Bit Tiered Compilers"/>
    <property name="ftp.nonProxyHosts" value="local|*.local|169.254/16|*.169.254/16"/>
    <property name="java.runtime.version" value="24.0.2"/>
    <property name="user.name" value="benji"/>
    <property name="stdout.encoding" value="UTF-8"/>
    <property name="path.separator" value=":"/>
    <property name="os.version" value="26.0"/>
    <property name="java.runtime.name" value="OpenJDK Runtime Environment"/>
    <property name="file.encoding" value="UTF-8"/>
    <property name="java.vm.name" value="OpenJDK 64-Bit Server VM"/>
    <property name="java.vendor.version" value="Homebrew"/>
    <property name="localRepository" value="/Users/benji/.m2/repository"/>
    <property name="java.vendor.url.bug" value="https://github.com/Homebrew/homebrew-core/issues"/>
    <property name="java.io.tmpdir" value="/var/folders/pm/501kqw5j69v4_xxzd372lqsw0000gn/T/"/>
    <property name="java.version" value="24.0.2"/>
    <property name="user.dir" value="/Users/benji/Documents/Development/java/TrashBot"/>
    <property name="os.arch" value="aarch64"/>
    <property name="java.vm.specification.name" value="Java Virtual Machine Specification"/>
    <property name="native.encoding" value="UTF-8"/>
    <property name="java.library.path" value="/Users/benji/Library/Java/Extensions:/Library/Java/Extensions:/Network/Library/Java/Extensions:/System/Library/Java/Extensions:/usr/lib/java:."/>
    <property name="java.vm.info" value="mixed mode, sharing"/>
    <property name="stderr.encoding" value="UTF-8"/>
    <property name="java.vendor" value="Homebrew"/>
    <property name="java.vm.version" value="24.0.2"/>
    <property name="sun.io.unicode.encoding" value="UnicodeBig"/>
    <property name="socksNonProxyHosts" value="local|*.local|169.254/16|*.169.254/16"/>
    <property name="java.class.version" value="68.0"/>
  </properties>
  <testcase name="shouldAnswerWithTrue" classname="com.jami.AppTest" time="0.01"/>
</testsuite>